Building DAG of jobs...
Using shell: /usr/bin/bash
Provided cores: 1 (use --cores to define parallelism)
Rules claiming more threads will be scaled down.
Job stats:
job        count
-------  -------
bwa_map        1
total          1

Select jobs to execute...

[Sat Sep  9 22:04:36 2023]
rule bwa_map:
    input: data/genome.fa, data/samples/B.fastq
    output: mapped_reads/B.bam
    jobid: 1
    reason: Missing output files: mapped_reads/B.bam
    wildcards: sample=B
    resources: tmpdir=/tmp

[Sat Sep  9 22:04:38 2023]
Finished job 1.
1 of 1 steps (100%) done
Complete log: .snakemake/log/2023-09-09T220435.678568.snakemake.log
