Building DAG of jobs...
Using shell: /usr/bin/bash
Provided cores: 1 (use --cores to define parallelism)
Rules claiming more threads will be scaled down.
Job stats:
job              count
-------------  -------
samtools_sort        1
total                1

Select jobs to execute...

[Sun Sep 10 21:17:57 2023]
rule samtools_sort:
    input: mapped_reads/B.bam
    output: sorted_reads/B.bam
    jobid: 0
    reason: Forced execution
    wildcards: sample=B
    resources: tmpdir=/tmp

[Sun Sep 10 21:17:57 2023]
Finished job 0.
1 of 1 steps (100%) done
Complete log: .snakemake/log/2023-09-10T211756.837814.snakemake.log
