Building DAG of jobs...
Using shell: /usr/bin/bash
Provided cores: 1 (use --cores to define parallelism)
Rules claiming more threads will be scaled down.
Job stats:
job               count
--------------  -------
samtools_index        2
samtools_sort         1
total                 3

Select jobs to execute...

[Sat Sep  9 22:49:23 2023]
rule samtools_sort:
    input: mapped_reads/A.bam
    output: sorted_reads/A.bam
    jobid: 1
    reason: Missing output files: sorted_reads/A.bam
    wildcards: sample=A
    resources: tmpdir=/tmp

[Sat Sep  9 22:49:23 2023]
Finished job 1.
1 of 3 steps (33%) done
Select jobs to execute...

[Sat Sep  9 22:49:23 2023]
rule samtools_index:
    input: sorted_reads/A.bam
    output: sorted_reads/A.bam.bai
    jobid: 0
    reason: Missing output files: sorted_reads/A.bam.bai; Input files updated by another job: sorted_reads/A.bam
    wildcards: sample=A
    resources: tmpdir=/tmp

[Sat Sep  9 22:49:24 2023]
Finished job 0.
2 of 3 steps (67%) done
Select jobs to execute...

[Sat Sep  9 22:49:24 2023]
rule samtools_index:
    input: sorted_reads/B.bam
    output: sorted_reads/B.bam.bai
    jobid: 3
    reason: Missing output files: sorted_reads/B.bam.bai
    wildcards: sample=B
    resources: tmpdir=/tmp

[Sat Sep  9 22:49:24 2023]
Finished job 3.
3 of 3 steps (100%) done
Complete log: .snakemake/log/2023-09-09T224921.631389.snakemake.log
