Building DAG of jobs...
Using shell: /usr/bin/bash
Provided cores: 50
Rules claiming more threads will be scaled down.
Job stats:
job               count
--------------  -------
bcftools_call         1
bwa_map               2
plot_quals            1
samtools_index        2
samtools_sort         2
total                 8

Select jobs to execute...

[Tue Sep 12 22:52:39 2023]
rule bwa_map:
    input: data/genome.fa, data/samples/A.fastq
    output: mapped_reads/A.bam
    jobid: 3
    reason: Forced execution
    wildcards: sample=A
    threads: 8
    resources: tmpdir=/tmp


[Tue Sep 12 22:52:39 2023]
rule bwa_map:
    input: data/genome.fa, data/samples/B.fastq
    output: mapped_reads/B.bam
    jobid: 5
    reason: Forced execution
    wildcards: sample=B
    threads: 8
    resources: tmpdir=/tmp

[Tue Sep 12 22:52:40 2023]
Finished job 5.
1 of 8 steps (12%) done
Select jobs to execute...

[Tue Sep 12 22:52:40 2023]
rule samtools_sort:
    input: mapped_reads/B.bam
    output: sorted_reads/B.bam
    jobid: 4
    reason: Input files updated by another job: mapped_reads/B.bam
    wildcards: sample=B
    resources: tmpdir=/tmp

[Tue Sep 12 22:52:40 2023]
Finished job 3.
2 of 8 steps (25%) done
Select jobs to execute...

[Tue Sep 12 22:52:40 2023]
rule samtools_sort:
    input: mapped_reads/A.bam
    output: sorted_reads/A.bam
    jobid: 2
    reason: Input files updated by another job: mapped_reads/A.bam
    wildcards: sample=A
    resources: tmpdir=/tmp

[Tue Sep 12 22:52:40 2023]
Finished job 4.
3 of 8 steps (38%) done
Select jobs to execute...

[Tue Sep 12 22:52:40 2023]
rule samtools_index:
    input: sorted_reads/B.bam
    output: sorted_reads/B.bam.bai
    jobid: 7
    reason: Input files updated by another job: sorted_reads/B.bam
    wildcards: sample=B
    resources: tmpdir=/tmp

[Tue Sep 12 22:52:40 2023]
Finished job 2.
4 of 8 steps (50%) done
Select jobs to execute...

[Tue Sep 12 22:52:40 2023]
rule samtools_index:
    input: sorted_reads/A.bam
    output: sorted_reads/A.bam.bai
    jobid: 6
    reason: Input files updated by another job: sorted_reads/A.bam
    wildcards: sample=A
    resources: tmpdir=/tmp

[Tue Sep 12 22:52:40 2023]
Finished job 7.
5 of 8 steps (62%) done
[Tue Sep 12 22:52:40 2023]
Finished job 6.
6 of 8 steps (75%) done
Select jobs to execute...

[Tue Sep 12 22:52:40 2023]
rule bcftools_call:
    input: data/genome.fa, sorted_reads/A.bam, sorted_reads/B.bam, sorted_reads/A.bam.bai, sorted_reads/B.bam.bai
    output: calls/all.vcf
    jobid: 1
    reason: Input files updated by another job: sorted_reads/A.bam.bai, sorted_reads/B.bam, sorted_reads/B.bam.bai, sorted_reads/A.bam
    resources: tmpdir=/tmp

[Tue Sep 12 22:52:41 2023]
Finished job 1.
7 of 8 steps (88%) done
Select jobs to execute...

[Tue Sep 12 22:52:41 2023]
rule plot_quals:
    input: calls/all.vcf
    output: plots/quals.svg
    jobid: 0
    reason: Input files updated by another job: calls/all.vcf
    resources: tmpdir=/tmp

[Tue Sep 12 22:52:42 2023]
Finished job 0.
8 of 8 steps (100%) done
Complete log: .snakemake/log/2023-09-12T225239.181259.snakemake.log
