Building DAG of jobs...
Using shell: /usr/bin/bash
Provided cores: 1 (use --cores to define parallelism)
Rules claiming more threads will be scaled down.
Job stats:
job              count
-------------  -------
bcftools_call        1
total                1

Select jobs to execute...

[Sat Sep  9 23:21:04 2023]
rule bcftools_call:
    input: data/genome.fa, sorted_reads/A.bam, sorted_reads/B.bam, sorted_reads/A.bam.bai, sorted_reads/B.bam.bai
    output: calls/all.vcf
    jobid: 0
    reason: Missing output files: calls/all.vcf
    resources: tmpdir=/tmp

[Sat Sep  9 23:21:06 2023]
Finished job 0.
1 of 1 steps (100%) done
Complete log: .snakemake/log/2023-09-09T232104.081089.snakemake.log
