Building DAG of jobs...
Using shell: /usr/bin/bash
Provided cores: 1 (use --cores to define parallelism)
Rules claiming more threads will be scaled down.
Job stats:
job              count
-------------  -------
bwa_map              1
samtools_sort        1
total                2

Select jobs to execute...

[Sat Sep  9 22:26:05 2023]
rule bwa_map:
    input: data/genome.fa, data/samples/B.fastq
    output: mapped_reads/B.bam
    jobid: 1
    reason: Updated input files: data/samples/B.fastq
    wildcards: sample=B
    resources: tmpdir=/tmp

[Sat Sep  9 22:26:06 2023]
Finished job 1.
1 of 2 steps (50%) done
Select jobs to execute...

[Sat Sep  9 22:26:06 2023]
rule samtools_sort:
    input: mapped_reads/B.bam
    output: sorted_reads/B.bam
    jobid: 0
    reason: Input files updated by another job: mapped_reads/B.bam
    wildcards: sample=B
    resources: tmpdir=/tmp

[Sat Sep  9 22:26:07 2023]
Finished job 0.
2 of 2 steps (100%) done
Complete log: .snakemake/log/2023-09-09T222604.884185.snakemake.log
