Building DAG of jobs...
Using shell: /usr/bin/bash
Provided cores: 50
Rules claiming more threads will be scaled down.
Job stats:
job               count
--------------  -------
bcftools_call         1
bwa_map               3
plot_quals            1
samtools_index        3
samtools_sort         3
total                11

Select jobs to execute...

[Wed Sep 13 22:44:41 2023]
rule bwa_map:
    input: data/genome.fa, data/samples/A.fastq
    output: mapped_reads/A.bam
    jobid: 3
    reason: Forced execution
    wildcards: sample=A
    threads: 8
    resources: tmpdir=/tmp


[Wed Sep 13 22:44:41 2023]
rule bwa_map:
    input: data/genome.fa, data/samples/B.fastq
    output: mapped_reads/B.bam
    jobid: 5
    reason: Forced execution
    wildcards: sample=B
    threads: 8
    resources: tmpdir=/tmp


[Wed Sep 13 22:44:41 2023]
rule bwa_map:
    input: data/genome.fa, data/samples/C.fastq
    output: mapped_reads/C.bam
    jobid: 7
    reason: Forced execution
    wildcards: sample=C
    threads: 8
    resources: tmpdir=/tmp

[Wed Sep 13 22:44:43 2023]
Finished job 5.
1 of 11 steps (9%) done
Select jobs to execute...

[Wed Sep 13 22:44:43 2023]
rule samtools_sort:
    input: mapped_reads/B.bam
    output: sorted_reads/B.bam
    jobid: 4
    reason: Input files updated by another job: mapped_reads/B.bam
    wildcards: sample=B
    resources: tmpdir=/tmp

[Wed Sep 13 22:44:43 2023]
Finished job 3.
2 of 11 steps (18%) done
Select jobs to execute...

[Wed Sep 13 22:44:43 2023]
rule samtools_sort:
    input: mapped_reads/A.bam
    output: sorted_reads/A.bam
    jobid: 2
    reason: Input files updated by another job: mapped_reads/A.bam
    wildcards: sample=A
    resources: tmpdir=/tmp

[Wed Sep 13 22:44:43 2023]
Finished job 7.
3 of 11 steps (27%) done
Select jobs to execute...

[Wed Sep 13 22:44:43 2023]
rule samtools_sort:
    input: mapped_reads/C.bam
    output: sorted_reads/C.bam
    jobid: 6
    reason: Input files updated by another job: mapped_reads/C.bam
    wildcards: sample=C
    resources: tmpdir=/tmp

[Wed Sep 13 22:44:43 2023]
Finished job 4.
4 of 11 steps (36%) done
Select jobs to execute...

[Wed Sep 13 22:44:43 2023]
rule samtools_index:
    input: sorted_reads/B.bam
    output: sorted_reads/B.bam.bai
    jobid: 9
    reason: Input files updated by another job: sorted_reads/B.bam
    wildcards: sample=B
    resources: tmpdir=/tmp

[Wed Sep 13 22:44:43 2023]
Finished job 2.
5 of 11 steps (45%) done
Select jobs to execute...

[Wed Sep 13 22:44:43 2023]
rule samtools_index:
    input: sorted_reads/A.bam
    output: sorted_reads/A.bam.bai
    jobid: 8
    reason: Input files updated by another job: sorted_reads/A.bam
    wildcards: sample=A
    resources: tmpdir=/tmp

[Wed Sep 13 22:44:43 2023]
Finished job 6.
6 of 11 steps (55%) done
Select jobs to execute...

[Wed Sep 13 22:44:43 2023]
rule samtools_index:
    input: sorted_reads/C.bam
    output: sorted_reads/C.bam.bai
    jobid: 10
    reason: Input files updated by another job: sorted_reads/C.bam
    wildcards: sample=C
    resources: tmpdir=/tmp

[Wed Sep 13 22:44:43 2023]
Finished job 9.
7 of 11 steps (64%) done
[Wed Sep 13 22:44:43 2023]
Finished job 8.
8 of 11 steps (73%) done
[Wed Sep 13 22:44:43 2023]
Finished job 10.
9 of 11 steps (82%) done
Select jobs to execute...

[Wed Sep 13 22:44:43 2023]
rule bcftools_call:
    input: data/genome.fa, sorted_reads/A.bam, sorted_reads/B.bam, sorted_reads/C.bam, sorted_reads/A.bam.bai, sorted_reads/B.bam.bai, sorted_reads/C.bam.bai
    output: calls/all.vcf
    jobid: 1
    reason: Input files updated by another job: sorted_reads/C.bam.bai, sorted_reads/A.bam, sorted_reads/B.bam, sorted_reads/C.bam, sorted_reads/A.bam.bai, sorted_reads/B.bam.bai
    resources: tmpdir=/tmp

[Wed Sep 13 22:44:44 2023]
Finished job 1.
10 of 11 steps (91%) done
Select jobs to execute...

[Wed Sep 13 22:44:44 2023]
rule plot_quals:
    input: calls/all.vcf
    output: plots/quals.svg
    jobid: 0
    reason: Input files updated by another job: calls/all.vcf
    resources: tmpdir=/tmp

[Wed Sep 13 22:44:45 2023]
Finished job 0.
11 of 11 steps (100%) done
Complete log: .snakemake/log/2023-09-13T224441.156305.snakemake.log
