Building DAG of jobs...
Using shell: /usr/bin/bash
Provided cores: 1 (use --cores to define parallelism)
Rules claiming more threads will be scaled down.
Job stats:
job               count
--------------  -------
bcftools_call         1
plot_quals            1
samtools_index        2
samtools_sort         2
total                 6

Select jobs to execute...

[Tue Sep 12 22:41:19 2023]
rule samtools_sort:
    input: mapped_reads/A.bam
    output: sorted_reads/A.bam
    jobid: 2
    reason: Missing output files: sorted_reads/A.bam
    wildcards: sample=A
    resources: tmpdir=/tmp

[Tue Sep 12 22:41:19 2023]
Finished job 2.
1 of 6 steps (17%) done
Select jobs to execute...

[Tue Sep 12 22:41:19 2023]
rule samtools_sort:
    input: mapped_reads/B.bam
    output: sorted_reads/B.bam
    jobid: 4
    reason: Missing output files: sorted_reads/B.bam
    wildcards: sample=B
    resources: tmpdir=/tmp

[Tue Sep 12 22:41:20 2023]
Finished job 4.
2 of 6 steps (33%) done
Select jobs to execute...

[Tue Sep 12 22:41:20 2023]
rule samtools_index:
    input: sorted_reads/B.bam
    output: sorted_reads/B.bam.bai
    jobid: 7
    reason: Missing output files: sorted_reads/B.bam.bai; Input files updated by another job: sorted_reads/B.bam
    wildcards: sample=B
    resources: tmpdir=/tmp

[Tue Sep 12 22:41:20 2023]
Finished job 7.
3 of 6 steps (50%) done
Select jobs to execute...

[Tue Sep 12 22:41:20 2023]
rule samtools_index:
    input: sorted_reads/A.bam
    output: sorted_reads/A.bam.bai
    jobid: 6
    reason: Missing output files: sorted_reads/A.bam.bai; Input files updated by another job: sorted_reads/A.bam
    wildcards: sample=A
    resources: tmpdir=/tmp

[Tue Sep 12 22:41:20 2023]
Finished job 6.
4 of 6 steps (67%) done
Select jobs to execute...

[Tue Sep 12 22:41:20 2023]
rule bcftools_call:
    input: data/genome.fa, sorted_reads/A.bam, sorted_reads/B.bam, sorted_reads/A.bam.bai, sorted_reads/B.bam.bai
    output: calls/all.vcf
    jobid: 1
    reason: Missing output files: calls/all.vcf; Input files updated by another job: sorted_reads/A.bam.bai, sorted_reads/B.bam, sorted_reads/A.bam, sorted_reads/B.bam.bai
    resources: tmpdir=/tmp

[Tue Sep 12 22:41:21 2023]
Finished job 1.
5 of 6 steps (83%) done
Select jobs to execute...

[Tue Sep 12 22:41:21 2023]
rule plot_quals:
    input: calls/all.vcf
    output: plots/quals.svg
    jobid: 0
    reason: Missing output files: plots/quals.svg; Input files updated by another job: calls/all.vcf
    resources: tmpdir=/tmp

[Tue Sep 12 22:41:21 2023]
Error in rule plot_quals:
    jobid: 0
    input: calls/all.vcf
    output: plots/quals.svg

RuleException:
WorkflowError in file /project/aealmada_561/judyz/snakemake-tutorial/Snakemake_adv.smk, line 51:
Failed to open source file /project/aealmada_561/judyz/snakemake-tutorial/scripts/plot-quals.py
FileNotFoundError: [Errno 2] No such file or directory: '/project/aealmada_561/judyz/snakemake-tutorial/scripts/plot-quals.py'
  File "/project/aealmada_561/judyz/snakemake-tutorial/Snakemake_adv.smk", line 51, in __rule_plot_quals
  File "/home1/difeizhu/mambaforge/envs/snakemake-tutorial/lib/python3.10/concurrent/futures/thread.py", line 58, in run
Shutting down, this might take some time.
Exiting because a job execution failed. Look above for error message
Complete log: .snakemake/log/2023-09-12T224119.054243.snakemake.log
